Построение начато 10.11.2022 19:43:35.
     1>Проект "D:\уник\прогр\ALGORITM\moe\lab5\lab5\lab5.vcxproj" в узле 2 (целевые объекты build).
     1>InitializeBuildStatus:
         Создание "Debug\lab5.unsuccessfulbuild", так как было задано "AlwaysCreate".
       ClCompile:
         C:\Program Files (x86)\Microsoft Visual Studio 10.0\VC\bin\CL.exe /c /ZI /nologo /W3 /WX- /Od /Oy- /D WIN32 /D _DEBUG /D _CONSOLE /D _UNICODE /D UNICODE /Gm /EHsc /RTC1 /MDd /GS /fp:precise /Zc:wchar_t /Zc:forScope /Fo"Debug\\" /Fd"Debug\vc100.pdb" /Gd /TP /analyze- /errorReport:prompt main.cpp
         main.cpp
     1>d:\уник\прогр\algoritm\moe\lab5\lab5\main.cpp(14): warning C4996: 'scanf': This function or variable may be unsafe. Consider using scanf_s instead. To disable deprecation, use _CRT_SECURE_NO_WARNINGS. See online help for details.
                 c:\program files (x86)\microsoft visual studio 10.0\vc\include\stdio.h(304): см. объявление "scanf"
       ManifestResourceCompile:
         Для всех выходных данных обновления не требуется.
       Link:
         C:\Program Files (x86)\Microsoft Visual Studio 10.0\VC\bin\link.exe /ERRORREPORT:PROMPT /OUT:"D:\уник\прогр\ALGORITM\moe\lab5\Debug\lab5.exe" /INCREMENTAL /NOLOGO kernel32.lib user32.lib gdi32.lib winspool.lib comdlg32.lib advapi32.lib shell32.lib ole32.lib oleaut32.lib uuid.lib odbc32.lib odbccp32.lib /MANIFEST /ManifestFile:"Debug\lab5.exe.intermediate.manifest" /MANIFESTUAC:"level='asInvoker' uiAccess='false'" /DEBUG /PDB:"D:\уник\прогр\ALGORITM\moe\lab5\Debug\lab5.pdb" /SUBSYSTEM:CONSOLE /TLBID:1 /DYNAMICBASE /NXCOMPAT /IMPLIB:"D:\уник\прогр\ALGORITM\moe\lab5\Debug\lab5.lib" /MACHINE:X86 Debug\lab5.exe.embed.manifest.res
         Debug\main.obj
       Manifest:
         C:\Program Files (x86)\Microsoft SDKs\Windows\v7.0A\bin\mt.exe /nologo /verbose /out:"Debug\lab5.exe.embed.manifest" /manifest Debug\lab5.exe.intermediate.manifest
         Для всех выходных данных обновления не требуется.
       LinkEmbedManifest:
         Для всех выходных данных обновления не требуется.
         lab5.vcxproj -> D:\уник\прогр\ALGORITM\moe\lab5\Debug\lab5.exe
       FinalizeBuildStatus:
         Файл "Debug\lab5.unsuccessfulbuild" удаляется.
         Обращение к "Debug\lab5.lastbuildstate".
     1>Построение проекта "D:\уник\прогр\ALGORITM\moe\lab5\lab5\lab5.vcxproj" завершено (целевые объекты build).

Построение успешно завершено.

Затраченное время: 00:00:00.71
